{"C:\\Users\\ADMIN\\Desktop\\Software QA\\Excounting\\model\\user.js": {"path":"C:\\Users\\ADMIN\\Desktop\\Software QA\\Excounting\\model\\user.js","statementMap":{"0":{"start":{"line":1,"column":17},"end":{"line":1,"column":36}},"1":{"start":{"line":3,"column":19},"end":{"line":14,"column":2}},"2":{"start":{"line":16,"column":0},"end":{"line":16,"column":53}}},"fnMap":{},"branchMap":{},"s":{"0":1,"1":1,"2":1},"f":{},"b":{},"_coverageSchema":"1a1c01bbd47fc00a2c39e90264f33305004495a9","hash":"c4fe756b97409d6d3197f3a9de87b32c70e74489"}
}
