{"C:\\Users\\ADMIN\\Desktop\\Software QA\\Excounting\\controller\\AccountController.js": {"path":"C:\\Users\\ADMIN\\Desktop\\Software QA\\Excounting\\controller\\AccountController.js","statementMap":{"0":{"start":{"line":1,"column":16},"end":{"line":1,"column":34}},"1":{"start":{"line":2,"column":12},"end":{"line":2,"column":21}},"2":{"start":{"line":3,"column":19},"end":{"line":3,"column":41}},"3":{"start":{"line":4,"column":13},"end":{"line":4,"column":37}},"4":{"start":{"line":5,"column":15},"end":{"line":5,"column":32}},"5":{"start":{"line":6,"column":12},"end":{"line":6,"column":35}},"6":{"start":{"line":7,"column":13},"end":{"line":7,"column":28}},"7":{"start":{"line":8,"column":21},"end":{"line":8,"column":45}},"8":{"start":{"line":9,"column":15},"end":{"line":9,"column":26}},"9":{"start":{"line":11,"column":0},"end":{"line":11,"column":24}},"10":{"start":{"line":12,"column":0},"end":{"line":12,"column":51}},"11":{"start":{"line":13,"column":0},"end":{"line":13,"column":34}},"12":{"start":{"line":14,"column":0},"end":{"line":14,"column":24}},"13":{"start":{"line":17,"column":15},"end":{"line":17,"column":66}},"14":{"start":{"line":18,"column":2},"end":{"line":18,"column":19}},"15":{"start":{"line":19,"column":2},"end":{"line":19,"column":13}},"16":{"start":{"line":23,"column":2},"end":{"line":23,"column":14}},"17":{"start":{"line":26,"column":0},"end":{"line":44,"column":2}},"18":{"start":{"line":28,"column":18},"end":{"line":28,"column":42}},"19":{"start":{"line":29,"column":20},"end":{"line":29,"column":55}},"20":{"start":{"line":30,"column":4},"end":{"line":30,"column":23}},"21":{"start":{"line":31,"column":17},"end":{"line":38,"column":6}},"22":{"start":{"line":40,"column":4},"end":{"line":40,"column":31}}},"fnMap":{"0":{"name":"pushBalanceData","decl":{"start":{"line":16,"column":15},"end":{"line":16,"column":30}},"loc":{"start":{"line":16,"column":41},"end":{"line":20,"column":1}},"line":16},"1":{"name":"plus","decl":{"start":{"line":22,"column":9},"end":{"line":22,"column":13}},"loc":{"start":{"line":22,"column":20},"end":{"line":24,"column":1}},"line":22},"2":{"name":"(anonymous_2)","decl":{"start":{"line":27,"column":18},"end":{"line":27,"column":19}},"loc":{"start":{"line":27,"column":38},"end":{"line":41,"column":3}},"line":27}},"branchMap":{},"s":{"0":1,"1":1,"2":1,"3":1,"4":1,"5":1,"6":1,"7":1,"8":1,"9":1,"10":1,"11":1,"12":1,"13":0,"14":0,"15":0,"16":1,"17":1,"18":0,"19":0,"20":0,"21":0,"22":0},"f":{"0":0,"1":1,"2":0},"b":{},"_coverageSchema":"1a1c01bbd47fc00a2c39e90264f33305004495a9","hash":"d41ce11d1135392640195469e526d3bb0266d02e"}
,"C:\\Users\\ADMIN\\Desktop\\Software QA\\Excounting\\model\\user.js": {"path":"C:\\Users\\ADMIN\\Desktop\\Software QA\\Excounting\\model\\user.js","statementMap":{"0":{"start":{"line":1,"column":17},"end":{"line":1,"column":36}},"1":{"start":{"line":3,"column":19},"end":{"line":14,"column":2}},"2":{"start":{"line":16,"column":0},"end":{"line":16,"column":53}}},"fnMap":{},"branchMap":{},"s":{"0":1,"1":1,"2":1},"f":{},"b":{},"_coverageSchema":"1a1c01bbd47fc00a2c39e90264f33305004495a9","hash":"c4fe756b97409d6d3197f3a9de87b32c70e74489"}
}
